<?xml version="1.0" encoding="UTF-8"?>
<!-- Generated by org.testng.reporters.JUnitReportReporter -->
<testsuite skipped="0" hostname="DESKTOPOFREJA" name="com.automationpractice.misc.JavaScriptExecutorDemo" tests="1" failures="0" timestamp="27 Nov 2018 02:53:04 GMT" time="3.154" errors="0">
  <testcase name="login_with_vaid_userid_and_password" time="3.154" classname="com.automationpractice.misc.JavaScriptExecutorDemo"/>
</testsuite> <!-- com.automationpractice.misc.JavaScriptExecutorDemo -->
