<?xml version="1.0" encoding="UTF-8"?>
<!-- Generated by org.testng.reporters.JUnitReportReporter -->
<testsuite skipped="0" hostname="DESKTOPOFREJA" name="com.automationpractice.misc.SelectObjectDemo" tests="1" failures="0" timestamp="22 Nov 2018 03:35:09 GMT" time="3.086" errors="0">
  <testcase name="selectLanguage" time="3.086" classname="com.automationpractice.misc.SelectObjectDemo"/>
</testsuite> <!-- com.automationpractice.misc.SelectObjectDemo -->
