<?xml version="1.0" encoding="UTF-8"?>
<!-- Generated by org.testng.reporters.JUnitReportReporter -->
<testsuite skipped="4" hostname="DESKTOPOFREJA" name="com.automationpractice.testng.TestngAnnotationsDemo" tests="12" failures="0" timestamp="27 Nov 2018 03:30:35 GMT" time="71.091" errors="0">
  <testcase name="t4" time="4.929" classname="com.automationpractice.testng.TestngAnnotationsDemo"/>
  <testcase name="t1" time="11.328" classname="com.automationpractice.testng.TestngAnnotationsDemo"/>
  <testcase name="t2" time="14.217" classname="com.automationpractice.testng.TestngAnnotationsDemo"/>
  <testcase name="t3" time="3.458" classname="com.automationpractice.testng.TestngAnnotationsDemo"/>
  <testcase name="t1" time="11.107" classname="com.automationpractice.testng.TestngAnnotationsDemo"/>
  <testcase name="t3" time="6.460" classname="com.automationpractice.testng.TestngAnnotationsDemo"/>
  <testcase name="t2" time="12.797" classname="com.automationpractice.testng.TestngAnnotationsDemo"/>
  <testcase name="t4" time="6.795" classname="com.automationpractice.testng.TestngAnnotationsDemo"/>
  <testcase name="browserTestWithParameter" classname="com.automationpractice.testng.TestngAnnotationsDemo">
    <skipped/>
  </testcase> <!-- browserTestWithParameter -->
  <testcase name="browserTestWithParameter" classname="com.automationpractice.testng.TestngAnnotationsDemo">
    <skipped/>
  </testcase> <!-- browserTestWithParameter -->
  <testcase name="mouseOverByActions" classname="com.automationpractice.testng.TestngAnnotationsDemo">
    <skipped/>
  </testcase> <!-- mouseOverByActions -->
  <testcase name="mouseOverByActions" classname="com.automationpractice.testng.TestngAnnotationsDemo">
    <skipped/>
  </testcase> <!-- mouseOverByActions -->
</testsuite> <!-- com.automationpractice.testng.TestngAnnotationsDemo -->
