<?xml version="1.0" encoding="UTF-8"?>
<!-- Generated by org.testng.reporters.JUnitReportReporter -->
<testsuite skipped="0" hostname="DESKTOPOFREJA" name="com.automationpractice.misc.rkreja" tests="1" failures="0" timestamp="27 Nov 2018 01:48:39 GMT" time="76.925" errors="0">
  <testcase name="t1" time="76.925" classname="com.automationpractice.misc.rkreja"/>
</testsuite> <!-- com.automationpractice.misc.rkreja -->
