<?xml version="1.0" encoding="UTF-8"?>
<!-- Generated by org.testng.reporters.JUnitReportReporter -->
<testsuite skipped="1" hostname="DESKTOPOFREJA" name="com.automationpractice.misc.TestNGParameterDemo" tests="2" failures="0" timestamp="24 Nov 2018 02:51:59 GMT" time="0.005" errors="0">
  <testcase name="login" time="0.005" classname="com.automationpractice.misc.TestNGParameterDemo"/>
  <testcase name="mortgageRate" classname="com.automationpractice.misc.TestNGParameterDemo">
    <skipped/>
  </testcase> <!-- mortgageRate -->
</testsuite> <!-- com.automationpractice.misc.TestNGParameterDemo -->
