<?xml version="1.0" encoding="UTF-8"?>
<!-- Generated by org.testng.reporters.JUnitReportReporter -->
<testsuite skipped="0" hostname="DESKTOPOFREJA" name="com.automationpractice.misc.FileUploadDemo" tests="1" failures="0" timestamp="22 Nov 2018 03:35:09 GMT" time="2.985" errors="0">
  <testcase name="uploadFileBySendKeys" time="2.985" classname="com.automationpractice.misc.FileUploadDemo"/>
</testsuite> <!-- com.automationpractice.misc.FileUploadDemo -->
