<?xml version="1.0" encoding="UTF-8"?>
<!-- Generated by org.testng.reporters.JUnitReportReporter -->
<testsuite skipped="0" hostname="DESKTOPOFREJA" name="com.automationpractice.testnggroupdemo.TransactionsTests" tests="2" failures="0" timestamp="24 Nov 2018 03:12:28 GMT" time="0.005" errors="0">
  <testcase name="paypalTransactions" time="0.002" classname="com.automationpractice.testnggroupdemo.TransactionsTests"/>
  <testcase name="ElectronicBankTransactions" time="0.003" classname="com.automationpractice.testnggroupdemo.TransactionsTests"/>
</testsuite> <!-- com.automationpractice.testnggroupdemo.TransactionsTests -->
