<?xml version="1.0" encoding="UTF-8"?>
<!-- Generated by org.testng.reporters.JUnitReportReporter -->
<testsuite skipped="0" hostname="DESKTOPOFREJA" name="com.automationpractice.misc.TestNGDataProviderDemo" tests="6" failures="0" timestamp="27 Nov 2018 02:17:45 GMT" time="19.242" errors="0">
  <testcase name="nav" time="7.660" classname="com.automationpractice.misc.TestNGDataProviderDemo"/>
  <testcase name="nav" time="1.170" classname="com.automationpractice.misc.TestNGDataProviderDemo"/>
  <testcase name="nav" time="1.247" classname="com.automationpractice.misc.TestNGDataProviderDemo"/>
  <testcase name="nav" time="6.511" classname="com.automationpractice.misc.TestNGDataProviderDemo"/>
  <testcase name="nav" time="1.878" classname="com.automationpractice.misc.TestNGDataProviderDemo"/>
  <testcase name="nav" time="0.776" classname="com.automationpractice.misc.TestNGDataProviderDemo"/>
</testsuite> <!-- com.automationpractice.misc.TestNGDataProviderDemo -->
