<?xml version="1.0" encoding="UTF-8"?>
<!-- Generated by org.testng.reporters.JUnitReportReporter -->
<testsuite skipped="0" hostname="DESKTOPOFREJA" name="com.automationpractice.testnggroupdemo.ClaimTests" tests="1" failures="0" timestamp="24 Nov 2018 03:12:28 GMT" time="0.010" errors="0">
  <testcase name="claimedByCustomerService" time="0.010" classname="com.automationpractice.testnggroupdemo.ClaimTests"/>
</testsuite> <!-- com.automationpractice.testnggroupdemo.ClaimTests -->
