<?xml version="1.0" encoding="UTF-8"?>
<!-- Generated by org.testng.reporters.JUnitReportReporter -->
<testsuite skipped="0" hostname="DESKTOPOFREJA" name="com.automationpractice.misc.TryCatchFinallyDemo" tests="1" failures="0" timestamp="27 Nov 2018 03:11:01 GMT" time="0.014" errors="0">
  <testcase name="tcf" time="0.014" classname="com.automationpractice.misc.TryCatchFinallyDemo"/>
</testsuite> <!-- com.automationpractice.misc.TryCatchFinallyDemo -->
