<?xml version="1.0" encoding="UTF-8"?>
<!-- Generated by org.testng.reporters.JUnitReportReporter -->
<testsuite skipped="0" hostname="DESKTOPOFREJA" name="com.automationpractice.testng.TestNGDemo" tests="3" failures="0" timestamp="22 Nov 2018 03:35:09 GMT" time="0.005" errors="0">
  <testcase name="loginWithModeratorUser" time="0.002" classname="com.automationpractice.testng.TestNGDemo"/>
  <testcase name="loginWithNormalUser" time="0.002" classname="com.automationpractice.testng.TestNGDemo"/>
  <testcase name="loginWithAdminUser" time="0.001" classname="com.automationpractice.testng.TestNGDemo"/>
</testsuite> <!-- com.automationpractice.testng.TestNGDemo -->
