<?xml version="1.0" encoding="UTF-8"?>
<!-- Generated by org.testng.reporters.JUnitReportReporter -->
<testsuite skipped="0" hostname="DESKTOPOFREJA" name="com.automationpractice.misc.ForLoopDemo" tests="1" failures="0" timestamp="24 Nov 2018 03:58:03 GMT" time="4.118" errors="0">
  <testcase name="selectAllCheckboxesByForLoop" time="4.118" classname="com.automationpractice.misc.ForLoopDemo"/>
</testsuite> <!-- com.automationpractice.misc.ForLoopDemo -->
