<?xml version="1.0" encoding="UTF-8"?>
<!-- Generated by org.testng.reporters.JUnitReportReporter -->
<testsuite skipped="0" hostname="DESKTOPOFREJA" name="com.automationpractice.misc.DemoAssert" tests="1" failures="0" timestamp="22 Nov 2018 03:35:08 GMT" time="0.001" errors="0">
  <testcase name="demoAssert" time="0.001" classname="com.automationpractice.misc.DemoAssert"/>
</testsuite> <!-- com.automationpractice.misc.DemoAssert -->
