<?xml version="1.0" encoding="UTF-8"?>
<!-- Generated by org.testng.reporters.JUnitReportReporter -->
<testsuite skipped="0" hostname="DESKTOPOFREJA" name="com.automationpractice.misc.ImplicitAndExplicitDemo" tests="2" failures="0" timestamp="22 Nov 2018 03:35:09 GMT" time="21.531" errors="0">
  <testcase name="explicitWaitDemo" time="18.591" classname="com.automationpractice.misc.ImplicitAndExplicitDemo"/>
  <testcase name="implicitWaitDemo" time="2.940" classname="com.automationpractice.misc.ImplicitAndExplicitDemo"/>
</testsuite> <!-- com.automationpractice.misc.ImplicitAndExplicitDemo -->
